<?xml version="1.0" encoding="UTF-8"?>
<!-- Generated by org.testng.reporters.JUnitReportReporter -->
<testsuite hostname="Ayush-Sharma-LP" failures="0" tests="1" name="Day3" time="0.004" errors="0" timestamp="2023-07-11T22:46:12 IST" skipped="0">
  <testcase classname="Day3" name="MHKfck" time="0.004"/>
  <system-out/>
</testsuite> <!-- Day3 -->
