<?xml version="1.0" encoding="UTF-8"?>
<!-- Generated by org.testng.reporters.JUnitReportReporter -->
<testsuite skipped="0" hostname="Ayush-Sharma-LP" name="Day2" tests="2" failures="0" timestamp="2023-07-05T11:41:41 IST" time="0.008" errors="0">
  <testcase name="Bigfish" time="0.006" classname="Day2"/>
  <system-out/>
  <testcase name="MHK" time="0.002" classname="Day2"/>
  <system-out/>
</testsuite> <!-- Day2 -->
