<?xml version="1.0" encoding="UTF-8"?>
<!-- Generated by org.testng.reporters.JUnitReportReporter -->
<testsuite hostname="Ayush-Sharma-LP" failures="0" tests="1" name="Tetngintro" time="0.010" errors="0" timestamp="2023-07-11T22:46:12 IST" skipped="0">
  <testcase classname="Tetngintro" name="Demo" time="0.010"/>
  <system-out/>
</testsuite> <!-- Tetngintro -->
